{"D:\\Dev\\to-do-list\\knexfile.js": {"path":"D:\\Dev\\to-do-list\\knexfile.js","statementMap":{"0":{"start":{"line":3,"column":0},"end":{"line":18,"column":2}}},"fnMap":{},"branchMap":{},"s":{"0":4},"f":{},"b":{},"_coverageSchema":"1a1c01bbd47fc00a2c39e90264f33305004495a9","hash":"27ebc45e7028039d05a41426820779e3e79fa8fb"}
,"D:\\Dev\\to-do-list\\server\\app.js": {"path":"D:\\Dev\\to-do-list\\server\\app.js","statementMap":{"0":{"start":{"line":2,"column":12},"end":{"line":2,"column":32}},"1":{"start":{"line":3,"column":16},"end":{"line":3,"column":34}},"2":{"start":{"line":4,"column":13},"end":{"line":4,"column":28}},"3":{"start":{"line":5,"column":17},"end":{"line":5,"column":39}},"4":{"start":{"line":7,"column":0},"end":{"line":7,"column":29}},"5":{"start":{"line":9,"column":0},"end":{"line":15,"column":13}},"6":{"start":{"line":17,"column":0},"end":{"line":19,"column":3}},"7":{"start":{"line":18,"column":2},"end":{"line":18,"column":25}},"8":{"start":{"line":21,"column":0},"end":{"line":29,"column":3}},"9":{"start":{"line":22,"column":35},"end":{"line":22,"column":38}},"10":{"start":{"line":23,"column":2},"end":{"line":24,"column":45}},"11":{"start":{"line":24,"column":4},"end":{"line":24,"column":45}},"12":{"start":{"line":25,"column":2},"end":{"line":27,"column":54}},"13":{"start":{"line":26,"column":4},"end":{"line":26,"column":45}},"14":{"start":{"line":27,"column":7},"end":{"line":27,"column":54}},"15":{"start":{"line":28,"column":2},"end":{"line":28,"column":12}},"16":{"start":{"line":31,"column":0},"end":{"line":31,"column":21}}},"fnMap":{"0":{"name":"(anonymous_0)","decl":{"start":{"line":17,"column":13},"end":{"line":17,"column":14}},"loc":{"start":{"line":17,"column":27},"end":{"line":19,"column":1}},"line":17},"1":{"name":"(anonymous_1)","decl":{"start":{"line":21,"column":8},"end":{"line":21,"column":9}},"loc":{"start":{"line":21,"column":33},"end":{"line":29,"column":1}},"line":21}},"branchMap":{"0":{"loc":{"start":{"line":23,"column":2},"end":{"line":24,"column":45}},"type":"if","locations":[{"start":{"line":23,"column":2},"end":{"line":24,"column":45}},{"start":{},"end":{}}],"line":23},"1":{"loc":{"start":{"line":25,"column":2},"end":{"line":27,"column":54}},"type":"if","locations":[{"start":{"line":25,"column":2},"end":{"line":27,"column":54}},{"start":{"line":27,"column":7},"end":{"line":27,"column":54}}],"line":25}},"s":{"0":4,"1":4,"2":4,"3":4,"4":4,"5":4,"6":4,"7":1,"8":4,"9":11,"10":11,"11":8,"12":11,"13":3,"14":8,"15":3,"16":4},"f":{"0":1,"1":11},"b":{"0":[8,3],"1":[3,8]},"_coverageSchema":"1a1c01bbd47fc00a2c39e90264f33305004495a9","hash":"55951f456ab6427c145d0298367352e1833d31f5"}
,"D:\\Dev\\to-do-list\\server\\config\\middlewares.js": {"path":"D:\\Dev\\to-do-list\\server\\config\\middlewares.js","statementMap":{"0":{"start":{"line":1,"column":16},"end":{"line":1,"column":34}},"1":{"start":{"line":2,"column":19},"end":{"line":2,"column":41}},"2":{"start":{"line":3,"column":13},"end":{"line":3,"column":28}},"3":{"start":{"line":5,"column":0},"end":{"line":10,"column":2}},"4":{"start":{"line":6,"column":2},"end":{"line":6,"column":50}},"5":{"start":{"line":7,"column":2},"end":{"line":7,"column":26}},"6":{"start":{"line":8,"column":2},"end":{"line":8,"column":30}},"7":{"start":{"line":9,"column":2},"end":{"line":9,"column":33}}},"fnMap":{"0":{"name":"(anonymous_0)","decl":{"start":{"line":5,"column":17},"end":{"line":5,"column":18}},"loc":{"start":{"line":5,"column":26},"end":{"line":10,"column":1}},"line":5}},"branchMap":{},"s":{"0":4,"1":4,"2":4,"3":4,"4":4,"5":4,"6":4,"7":4},"f":{"0":4},"b":{},"_coverageSchema":"1a1c01bbd47fc00a2c39e90264f33305004495a9","hash":"619bc75beb5a407f426fd24421bfd3ee8303199b"}
,"D:\\Dev\\to-do-list\\server\\config\\passport.js": {"path":"D:\\Dev\\to-do-list\\server\\config\\passport.js","statementMap":{"0":{"start":{"line":1,"column":17},"end":{"line":1,"column":36}},"1":{"start":{"line":2,"column":20},"end":{"line":2,"column":43}},"2":{"start":{"line":4,"column":15},"end":{"line":4,"column":23}},"3":{"start":{"line":6,"column":33},"end":{"line":6,"column":44}},"4":{"start":{"line":8,"column":0},"end":{"line":27,"column":1}},"5":{"start":{"line":9,"column":17},"end":{"line":12,"column":3}},"6":{"start":{"line":14,"column":19},"end":{"line":20,"column":4}},"7":{"start":{"line":15,"column":4},"end":{"line":19,"column":40}},"8":{"start":{"line":17,"column":8},"end":{"line":18,"column":31}},"9":{"start":{"line":17,"column":18},"end":{"line":17,"column":45}},"10":{"start":{"line":18,"column":13},"end":{"line":18,"column":31}},"11":{"start":{"line":19,"column":22},"end":{"line":19,"column":38}},"12":{"start":{"line":22,"column":2},"end":{"line":22,"column":25}},"13":{"start":{"line":24,"column":2},"end":{"line":26,"column":4}},"14":{"start":{"line":25,"column":24},"end":{"line":25,"column":72}}},"fnMap":{"0":{"name":"(anonymous_0)","decl":{"start":{"line":8,"column":17},"end":{"line":8,"column":18}},"loc":{"start":{"line":8,"column":26},"end":{"line":27,"column":1}},"line":8},"1":{"name":"(anonymous_1)","decl":{"start":{"line":14,"column":40},"end":{"line":14,"column":41}},"loc":{"start":{"line":14,"column":59},"end":{"line":20,"column":3}},"line":14},"2":{"name":"(anonymous_2)","decl":{"start":{"line":16,"column":12},"end":{"line":16,"column":13}},"loc":{"start":{"line":16,"column":22},"end":{"line":19,"column":7}},"line":16},"3":{"name":"(anonymous_3)","decl":{"start":{"line":19,"column":15},"end":{"line":19,"column":16}},"loc":{"start":{"line":19,"column":22},"end":{"line":19,"column":38}},"line":19},"4":{"name":"(anonymous_4)","decl":{"start":{"line":25,"column":18},"end":{"line":25,"column":19}},"loc":{"start":{"line":25,"column":24},"end":{"line":25,"column":72}},"line":25}},"branchMap":{"0":{"loc":{"start":{"line":17,"column":8},"end":{"line":18,"column":31}},"type":"if","locations":[{"start":{"line":17,"column":8},"end":{"line":18,"column":31}},{"start":{"line":18,"column":13},"end":{"line":18,"column":31}}],"line":17}},"s":{"0":4,"1":4,"2":4,"3":4,"4":4,"5":4,"6":4,"7":18,"8":18,"9":18,"10":0,"11":0,"12":4,"13":4,"14":4},"f":{"0":4,"1":18,"2":18,"3":0,"4":4},"b":{"0":[18,0]},"_coverageSchema":"1a1c01bbd47fc00a2c39e90264f33305004495a9","hash":"f61fb209816c3c1c7b2464324ebb60115a2f9dad"}
,"D:\\Dev\\to-do-list\\server\\config\\router.js": {"path":"D:\\Dev\\to-do-list\\server\\config\\router.js","statementMap":{"0":{"start":{"line":1,"column":16},"end":{"line":1,"column":34}},"1":{"start":{"line":3,"column":0},"end":{"line":13,"column":2}},"2":{"start":{"line":4,"column":2},"end":{"line":4,"column":36}},"3":{"start":{"line":6,"column":26},"end":{"line":6,"column":42}},"4":{"start":{"line":8,"column":2},"end":{"line":8,"column":50}},"5":{"start":{"line":9,"column":2},"end":{"line":9,"column":50}},"6":{"start":{"line":11,"column":2},"end":{"line":11,"column":71}}},"fnMap":{"0":{"name":"(anonymous_0)","decl":{"start":{"line":3,"column":17},"end":{"line":3,"column":18}},"loc":{"start":{"line":3,"column":26},"end":{"line":13,"column":1}},"line":3}},"branchMap":{},"s":{"0":4,"1":4,"2":4,"3":4,"4":4,"5":4,"6":4},"f":{"0":4},"b":{},"_coverageSchema":"1a1c01bbd47fc00a2c39e90264f33305004495a9","hash":"e68dac2b75086dbc722586afc74b317d71ae9790"}
,"D:\\Dev\\to-do-list\\server\\errors\\ResourceImproperError.js": {"path":"D:\\Dev\\to-do-list\\server\\errors\\ResourceImproperError.js","statementMap":{"0":{"start":{"line":1,"column":0},"end":{"line":4,"column":2}},"1":{"start":{"line":2,"column":2},"end":{"line":2,"column":38}},"2":{"start":{"line":3,"column":2},"end":{"line":3,"column":25}}},"fnMap":{"0":{"name":"ResourceImproperError","decl":{"start":{"line":1,"column":26},"end":{"line":1,"column":47}},"loc":{"start":{"line":1,"column":103},"end":{"line":4,"column":1}},"line":1}},"branchMap":{"0":{"loc":{"start":{"line":1,"column":48},"end":{"line":1,"column":101}},"type":"default-arg","locations":[{"start":{"line":1,"column":58},"end":{"line":1,"column":101}}],"line":1}},"s":{"0":4,"1":3,"2":3},"f":{"0":3},"b":{"0":[3]},"_coverageSchema":"1a1c01bbd47fc00a2c39e90264f33305004495a9","hash":"89ca1b3fadfd3e15aa947e798851d0871f0de934"}
,"D:\\Dev\\to-do-list\\server\\errors\\Validation.js": {"path":"D:\\Dev\\to-do-list\\server\\errors\\Validation.js","statementMap":{"0":{"start":{"line":1,"column":0},"end":{"line":4,"column":2}},"1":{"start":{"line":2,"column":2},"end":{"line":2,"column":32}},"2":{"start":{"line":3,"column":2},"end":{"line":3,"column":25}}},"fnMap":{"0":{"name":"ValidationError","decl":{"start":{"line":1,"column":26},"end":{"line":1,"column":41}},"loc":{"start":{"line":1,"column":51},"end":{"line":4,"column":1}},"line":1}},"branchMap":{},"s":{"0":4,"1":8,"2":8},"f":{"0":8},"b":{},"_coverageSchema":"1a1c01bbd47fc00a2c39e90264f33305004495a9","hash":"a8c390a46c6e150c2839f6ca02ac95a69fbb680c"}
,"D:\\Dev\\to-do-list\\server\\routes\\auth.js": {"path":"D:\\Dev\\to-do-list\\server\\routes\\auth.js","statementMap":{"0":{"start":{"line":1,"column":16},"end":{"line":1,"column":34}},"1":{"start":{"line":2,"column":12},"end":{"line":2,"column":33}},"2":{"start":{"line":3,"column":15},"end":{"line":3,"column":39}},"3":{"start":{"line":4,"column":24},"end":{"line":4,"column":55}},"4":{"start":{"line":6,"column":15},"end":{"line":6,"column":23}},"5":{"start":{"line":8,"column":0},"end":{"line":37,"column":2}},"6":{"start":{"line":9,"column":17},"end":{"line":9,"column":33}},"7":{"start":{"line":11,"column":2},"end":{"line":25,"column":5}},"8":{"start":{"line":12,"column":4},"end":{"line":24,"column":33}},"9":{"start":{"line":14,"column":8},"end":{"line":14,"column":77}},"10":{"start":{"line":14,"column":19},"end":{"line":14,"column":77}},"11":{"start":{"line":15,"column":8},"end":{"line":23,"column":73}},"12":{"start":{"line":16,"column":26},"end":{"line":20,"column":11}},"13":{"start":{"line":21,"column":24},"end":{"line":21,"column":51}},"14":{"start":{"line":22,"column":10},"end":{"line":22,"column":42}},"15":{"start":{"line":23,"column":15},"end":{"line":23,"column":73}},"16":{"start":{"line":24,"column":22},"end":{"line":24,"column":31}},"17":{"start":{"line":27,"column":2},"end":{"line":34,"column":5}},"18":{"start":{"line":28,"column":4},"end":{"line":33,"column":5}},"19":{"start":{"line":29,"column":20},"end":{"line":29,"column":60}},"20":{"start":{"line":30,"column":6},"end":{"line":30,"column":44}},"21":{"start":{"line":32,"column":6},"end":{"line":32,"column":23}},"22":{"start":{"line":36,"column":2},"end":{"line":36,"column":16}}},"fnMap":{"0":{"name":"(anonymous_0)","decl":{"start":{"line":8,"column":17},"end":{"line":8,"column":18}},"loc":{"start":{"line":8,"column":26},"end":{"line":37,"column":1}},"line":8},"1":{"name":"(anonymous_1)","decl":{"start":{"line":11,"column":25},"end":{"line":11,"column":26}},"loc":{"start":{"line":11,"column":45},"end":{"line":25,"column":3}},"line":11},"2":{"name":"(anonymous_2)","decl":{"start":{"line":13,"column":12},"end":{"line":13,"column":13}},"loc":{"start":{"line":13,"column":22},"end":{"line":24,"column":7}},"line":13},"3":{"name":"(anonymous_3)","decl":{"start":{"line":24,"column":15},"end":{"line":24,"column":16}},"loc":{"start":{"line":24,"column":22},"end":{"line":24,"column":31}},"line":24},"4":{"name":"(anonymous_4)","decl":{"start":{"line":27,"column":25},"end":{"line":27,"column":26}},"loc":{"start":{"line":27,"column":51},"end":{"line":34,"column":3}},"line":27}},"branchMap":{"0":{"loc":{"start":{"line":14,"column":8},"end":{"line":14,"column":77}},"type":"if","locations":[{"start":{"line":14,"column":8},"end":{"line":14,"column":77}},{"start":{},"end":{}}],"line":14},"1":{"loc":{"start":{"line":15,"column":8},"end":{"line":23,"column":73}},"type":"if","locations":[{"start":{"line":15,"column":8},"end":{"line":23,"column":73}},{"start":{"line":23,"column":15},"end":{"line":23,"column":73}}],"line":15}},"s":{"0":4,"1":4,"2":4,"3":4,"4":4,"5":4,"6":4,"7":4,"8":3,"9":3,"10":1,"11":2,"12":1,"13":1,"14":1,"15":1,"16":2,"17":4,"18":1,"19":1,"20":1,"21":0,"22":4},"f":{"0":4,"1":3,"2":3,"3":2,"4":1},"b":{"0":[1,2],"1":[1,1]},"_coverageSchema":"1a1c01bbd47fc00a2c39e90264f33305004495a9","hash":"8da376dea87e0d48d81479d3ab17786b65575105"}
,"D:\\Dev\\to-do-list\\server\\routes\\lists.js": {"path":"D:\\Dev\\to-do-list\\server\\routes\\lists.js","statementMap":{"0":{"start":{"line":1,"column":16},"end":{"line":1,"column":34}},"1":{"start":{"line":2,"column":30},"end":{"line":2,"column":72}},"2":{"start":{"line":5,"column":0},"end":{"line":48,"column":2}},"3":{"start":{"line":6,"column":17},"end":{"line":6,"column":33}},"4":{"start":{"line":8,"column":2},"end":{"line":14,"column":5}},"5":{"start":{"line":9,"column":4},"end":{"line":13,"column":33}},"6":{"start":{"line":11,"column":8},"end":{"line":12,"column":20}},"7":{"start":{"line":11,"column":41},"end":{"line":11,"column":75}},"8":{"start":{"line":12,"column":13},"end":{"line":12,"column":20}},"9":{"start":{"line":13,"column":22},"end":{"line":13,"column":31}},"10":{"start":{"line":16,"column":2},"end":{"line":21,"column":5}},"11":{"start":{"line":17,"column":4},"end":{"line":20,"column":33}},"12":{"start":{"line":19,"column":8},"end":{"line":19,"column":46}},"13":{"start":{"line":20,"column":22},"end":{"line":20,"column":31}},"14":{"start":{"line":23,"column":2},"end":{"line":27,"column":5}},"15":{"start":{"line":24,"column":4},"end":{"line":26,"column":31}},"16":{"start":{"line":25,"column":21},"end":{"line":25,"column":48}},"17":{"start":{"line":26,"column":20},"end":{"line":26,"column":29}},"18":{"start":{"line":29,"column":2},"end":{"line":33,"column":5}},"19":{"start":{"line":30,"column":4},"end":{"line":32,"column":31}},"20":{"start":{"line":31,"column":21},"end":{"line":31,"column":48}},"21":{"start":{"line":32,"column":20},"end":{"line":32,"column":29}},"22":{"start":{"line":35,"column":2},"end":{"line":39,"column":5}},"23":{"start":{"line":36,"column":4},"end":{"line":38,"column":31}},"24":{"start":{"line":37,"column":21},"end":{"line":37,"column":51}},"25":{"start":{"line":38,"column":20},"end":{"line":38,"column":29}},"26":{"start":{"line":41,"column":2},"end":{"line":45,"column":5}},"27":{"start":{"line":42,"column":4},"end":{"line":44,"column":31}},"28":{"start":{"line":43,"column":18},"end":{"line":43,"column":40}},"29":{"start":{"line":44,"column":20},"end":{"line":44,"column":29}},"30":{"start":{"line":47,"column":2},"end":{"line":47,"column":16}}},"fnMap":{"0":{"name":"(anonymous_0)","decl":{"start":{"line":5,"column":17},"end":{"line":5,"column":18}},"loc":{"start":{"line":5,"column":26},"end":{"line":48,"column":1}},"line":5},"1":{"name":"(anonymous_1)","decl":{"start":{"line":8,"column":21},"end":{"line":8,"column":22}},"loc":{"start":{"line":8,"column":41},"end":{"line":14,"column":3}},"line":8},"2":{"name":"(anonymous_2)","decl":{"start":{"line":10,"column":12},"end":{"line":10,"column":13}},"loc":{"start":{"line":10,"column":21},"end":{"line":13,"column":7}},"line":10},"3":{"name":"(anonymous_3)","decl":{"start":{"line":13,"column":15},"end":{"line":13,"column":16}},"loc":{"start":{"line":13,"column":22},"end":{"line":13,"column":31}},"line":13},"4":{"name":"(anonymous_4)","decl":{"start":{"line":16,"column":19},"end":{"line":16,"column":20}},"loc":{"start":{"line":16,"column":39},"end":{"line":21,"column":3}},"line":16},"5":{"name":"(anonymous_5)","decl":{"start":{"line":18,"column":12},"end":{"line":18,"column":13}},"loc":{"start":{"line":18,"column":23},"end":{"line":20,"column":7}},"line":18},"6":{"name":"(anonymous_6)","decl":{"start":{"line":20,"column":15},"end":{"line":20,"column":16}},"loc":{"start":{"line":20,"column":22},"end":{"line":20,"column":31}},"line":20},"7":{"name":"(anonymous_7)","decl":{"start":{"line":23,"column":18},"end":{"line":23,"column":19}},"loc":{"start":{"line":23,"column":38},"end":{"line":27,"column":3}},"line":23},"8":{"name":"(anonymous_8)","decl":{"start":{"line":25,"column":12},"end":{"line":25,"column":13}},"loc":{"start":{"line":25,"column":21},"end":{"line":25,"column":48}},"line":25},"9":{"name":"(anonymous_9)","decl":{"start":{"line":26,"column":13},"end":{"line":26,"column":14}},"loc":{"start":{"line":26,"column":20},"end":{"line":26,"column":29}},"line":26},"10":{"name":"(anonymous_10)","decl":{"start":{"line":29,"column":21},"end":{"line":29,"column":22}},"loc":{"start":{"line":29,"column":41},"end":{"line":33,"column":3}},"line":29},"11":{"name":"(anonymous_11)","decl":{"start":{"line":31,"column":12},"end":{"line":31,"column":13}},"loc":{"start":{"line":31,"column":21},"end":{"line":31,"column":48}},"line":31},"12":{"name":"(anonymous_12)","decl":{"start":{"line":32,"column":13},"end":{"line":32,"column":14}},"loc":{"start":{"line":32,"column":20},"end":{"line":32,"column":29}},"line":32},"13":{"name":"(anonymous_13)","decl":{"start":{"line":35,"column":21},"end":{"line":35,"column":22}},"loc":{"start":{"line":35,"column":41},"end":{"line":39,"column":3}},"line":35},"14":{"name":"(anonymous_14)","decl":{"start":{"line":37,"column":12},"end":{"line":37,"column":13}},"loc":{"start":{"line":37,"column":21},"end":{"line":37,"column":51}},"line":37},"15":{"name":"(anonymous_15)","decl":{"start":{"line":38,"column":13},"end":{"line":38,"column":14}},"loc":{"start":{"line":38,"column":20},"end":{"line":38,"column":29}},"line":38},"16":{"name":"(anonymous_16)","decl":{"start":{"line":41,"column":24},"end":{"line":41,"column":25}},"loc":{"start":{"line":41,"column":44},"end":{"line":45,"column":3}},"line":41},"17":{"name":"(anonymous_17)","decl":{"start":{"line":43,"column":12},"end":{"line":43,"column":13}},"loc":{"start":{"line":43,"column":18},"end":{"line":43,"column":40}},"line":43},"18":{"name":"(anonymous_18)","decl":{"start":{"line":44,"column":13},"end":{"line":44,"column":14}},"loc":{"start":{"line":44,"column":20},"end":{"line":44,"column":29}},"line":44}},"branchMap":{"0":{"loc":{"start":{"line":11,"column":8},"end":{"line":12,"column":20}},"type":"if","locations":[{"start":{"line":11,"column":8},"end":{"line":12,"column":20}},{"start":{"line":12,"column":13},"end":{"line":12,"column":20}}],"line":11}},"s":{"0":4,"1":4,"2":4,"3":4,"4":4,"5":6,"6":6,"7":3,"8":3,"9":3,"10":4,"11":3,"12":1,"13":2,"14":4,"15":2,"16":2,"17":0,"18":4,"19":1,"20":1,"21":0,"22":4,"23":1,"24":1,"25":0,"26":4,"27":1,"28":1,"29":0,"30":4},"f":{"0":4,"1":6,"2":6,"3":3,"4":3,"5":1,"6":2,"7":2,"8":2,"9":0,"10":1,"11":1,"12":0,"13":1,"14":1,"15":0,"16":1,"17":1,"18":0},"b":{"0":[3,3]},"_coverageSchema":"1a1c01bbd47fc00a2c39e90264f33305004495a9","hash":"629af3e083057574fe67546d1374989f5e1e946a"}
,"D:\\Dev\\to-do-list\\server\\routes\\users.js": {"path":"D:\\Dev\\to-do-list\\server\\routes\\users.js","statementMap":{"0":{"start":{"line":1,"column":16},"end":{"line":1,"column":34}},"1":{"start":{"line":3,"column":0},"end":{"line":22,"column":2}},"2":{"start":{"line":4,"column":17},"end":{"line":4,"column":33}},"3":{"start":{"line":6,"column":2},"end":{"line":10,"column":5}},"4":{"start":{"line":7,"column":4},"end":{"line":9,"column":31}},"5":{"start":{"line":8,"column":22},"end":{"line":8,"column":50}},"6":{"start":{"line":9,"column":20},"end":{"line":9,"column":29}},"7":{"start":{"line":12,"column":2},"end":{"line":19,"column":5}},"8":{"start":{"line":13,"column":4},"end":{"line":18,"column":5}},"9":{"start":{"line":14,"column":21},"end":{"line":14,"column":61}},"10":{"start":{"line":15,"column":6},"end":{"line":15,"column":45}},"11":{"start":{"line":17,"column":6},"end":{"line":17,"column":23}},"12":{"start":{"line":21,"column":2},"end":{"line":21,"column":16}}},"fnMap":{"0":{"name":"(anonymous_0)","decl":{"start":{"line":3,"column":17},"end":{"line":3,"column":18}},"loc":{"start":{"line":3,"column":26},"end":{"line":22,"column":1}},"line":3},"1":{"name":"(anonymous_1)","decl":{"start":{"line":6,"column":18},"end":{"line":6,"column":19}},"loc":{"start":{"line":6,"column":38},"end":{"line":10,"column":3}},"line":6},"2":{"name":"(anonymous_2)","decl":{"start":{"line":8,"column":12},"end":{"line":8,"column":13}},"loc":{"start":{"line":8,"column":22},"end":{"line":8,"column":50}},"line":8},"3":{"name":"(anonymous_3)","decl":{"start":{"line":9,"column":13},"end":{"line":9,"column":14}},"loc":{"start":{"line":9,"column":20},"end":{"line":9,"column":29}},"line":9},"4":{"name":"(anonymous_4)","decl":{"start":{"line":12,"column":19},"end":{"line":12,"column":20}},"loc":{"start":{"line":12,"column":45},"end":{"line":19,"column":3}},"line":12}},"branchMap":{},"s":{"0":4,"1":4,"2":4,"3":4,"4":1,"5":1,"6":0,"7":4,"8":6,"9":6,"10":2,"11":4,"12":4},"f":{"0":4,"1":1,"2":1,"3":0,"4":6},"b":{},"_coverageSchema":"1a1c01bbd47fc00a2c39e90264f33305004495a9","hash":"5d280aa28875fff87b8f5c12448864d3285f5223"}
,"D:\\Dev\\to-do-list\\server\\services\\list.js": {"path":"D:\\Dev\\to-do-list\\server\\services\\list.js","statementMap":{"0":{"start":{"line":1,"column":24},"end":{"line":1,"column":55}},"1":{"start":{"line":3,"column":0},"end":{"line":41,"column":2}},"2":{"start":{"line":4,"column":17},"end":{"line":12,"column":3}},"3":{"start":{"line":5,"column":4},"end":{"line":6,"column":69}},"4":{"start":{"line":6,"column":6},"end":{"line":6,"column":69}},"5":{"start":{"line":8,"column":19},"end":{"line":8,"column":76}},"6":{"start":{"line":9,"column":4},"end":{"line":9,"column":83}},"7":{"start":{"line":9,"column":16},"end":{"line":9,"column":83}},"8":{"start":{"line":11,"column":4},"end":{"line":11,"column":45}},"9":{"start":{"line":14,"column":18},"end":{"line":16,"column":3}},"10":{"start":{"line":15,"column":4},"end":{"line":15,"column":27}},"11":{"start":{"line":18,"column":18},"end":{"line":20,"column":3}},"12":{"start":{"line":19,"column":4},"end":{"line":19,"column":49}},"13":{"start":{"line":22,"column":17},"end":{"line":24,"column":3}},"14":{"start":{"line":23,"column":4},"end":{"line":23,"column":54}},"15":{"start":{"line":26,"column":17},"end":{"line":30,"column":3}},"16":{"start":{"line":27,"column":4},"end":{"line":29,"column":25}},"17":{"start":{"line":32,"column":17},"end":{"line":36,"column":3}},"18":{"start":{"line":33,"column":4},"end":{"line":35,"column":12}},"19":{"start":{"line":38,"column":2},"end":{"line":38,"column":62}}},"fnMap":{"0":{"name":"(anonymous_0)","decl":{"start":{"line":3,"column":17},"end":{"line":3,"column":18}},"loc":{"start":{"line":3,"column":26},"end":{"line":41,"column":1}},"line":3},"1":{"name":"(anonymous_1)","decl":{"start":{"line":4,"column":17},"end":{"line":4,"column":18}},"loc":{"start":{"line":4,"column":33},"end":{"line":12,"column":3}},"line":4},"2":{"name":"(anonymous_2)","decl":{"start":{"line":14,"column":18},"end":{"line":14,"column":19}},"loc":{"start":{"line":14,"column":24},"end":{"line":16,"column":3}},"line":14},"3":{"name":"(anonymous_3)","decl":{"start":{"line":18,"column":18},"end":{"line":18,"column":19}},"loc":{"start":{"line":18,"column":35},"end":{"line":20,"column":3}},"line":18},"4":{"name":"(anonymous_4)","decl":{"start":{"line":22,"column":17},"end":{"line":22,"column":18}},"loc":{"start":{"line":22,"column":29},"end":{"line":24,"column":3}},"line":22},"5":{"name":"(anonymous_5)","decl":{"start":{"line":26,"column":17},"end":{"line":26,"column":18}},"loc":{"start":{"line":26,"column":31},"end":{"line":30,"column":3}},"line":26},"6":{"name":"(anonymous_6)","decl":{"start":{"line":32,"column":17},"end":{"line":32,"column":18}},"loc":{"start":{"line":32,"column":25},"end":{"line":36,"column":3}},"line":32}},"branchMap":{"0":{"loc":{"start":{"line":5,"column":4},"end":{"line":6,"column":69}},"type":"if","locations":[{"start":{"line":5,"column":4},"end":{"line":6,"column":69}},{"start":{},"end":{}}],"line":5},"1":{"loc":{"start":{"line":9,"column":4},"end":{"line":9,"column":83}},"type":"if","locations":[{"start":{"line":9,"column":4},"end":{"line":9,"column":83}},{"start":{},"end":{}}],"line":9},"2":{"loc":{"start":{"line":18,"column":19},"end":{"line":18,"column":30}},"type":"default-arg","locations":[{"start":{"line":18,"column":28},"end":{"line":18,"column":30}}],"line":18}},"s":{"0":4,"1":4,"2":4,"3":3,"4":1,"5":2,"6":2,"7":1,"8":1,"9":4,"10":0,"11":4,"12":9,"13":4,"14":2,"15":4,"16":1,"17":4,"18":1,"19":4},"f":{"0":4,"1":3,"2":0,"3":9,"4":2,"5":1,"6":1},"b":{"0":[1,2],"1":[1,1],"2":[0]},"_coverageSchema":"1a1c01bbd47fc00a2c39e90264f33305004495a9","hash":"91f9bd1c085a9e9e0497f13ad0c1eb1c383e6b7c"}
,"D:\\Dev\\to-do-list\\server\\services\\user.js": {"path":"D:\\Dev\\to-do-list\\server\\services\\user.js","statementMap":{"0":{"start":{"line":1,"column":19},"end":{"line":1,"column":50}},"1":{"start":{"line":2,"column":15},"end":{"line":2,"column":39}},"2":{"start":{"line":4,"column":0},"end":{"line":38,"column":2}},"3":{"start":{"line":5,"column":18},"end":{"line":7,"column":3}},"4":{"start":{"line":6,"column":4},"end":{"line":6,"column":58}},"5":{"start":{"line":9,"column":18},"end":{"line":11,"column":3}},"6":{"start":{"line":10,"column":4},"end":{"line":10,"column":49}},"7":{"start":{"line":13,"column":26},"end":{"line":16,"column":3}},"8":{"start":{"line":14,"column":17},"end":{"line":14,"column":39}},"9":{"start":{"line":15,"column":4},"end":{"line":15,"column":43}},"10":{"start":{"line":18,"column":17},"end":{"line":35,"column":3}},"11":{"start":{"line":19,"column":4},"end":{"line":20,"column":55}},"12":{"start":{"line":20,"column":6},"end":{"line":20,"column":55}},"13":{"start":{"line":22,"column":4},"end":{"line":23,"column":56}},"14":{"start":{"line":23,"column":6},"end":{"line":23,"column":56}},"15":{"start":{"line":25,"column":4},"end":{"line":26,"column":59}},"16":{"start":{"line":26,"column":6},"end":{"line":26,"column":59}},"17":{"start":{"line":28,"column":19},"end":{"line":28,"column":53}},"18":{"start":{"line":29,"column":4},"end":{"line":30,"column":57}},"19":{"start":{"line":30,"column":6},"end":{"line":30,"column":57}},"20":{"start":{"line":32,"column":20},"end":{"line":32,"column":31}},"21":{"start":{"line":33,"column":4},"end":{"line":33,"column":54}},"22":{"start":{"line":34,"column":4},"end":{"line":34,"column":67}},"23":{"start":{"line":37,"column":2},"end":{"line":37,"column":38}}},"fnMap":{"0":{"name":"(anonymous_0)","decl":{"start":{"line":4,"column":17},"end":{"line":4,"column":18}},"loc":{"start":{"line":4,"column":26},"end":{"line":38,"column":1}},"line":4},"1":{"name":"(anonymous_1)","decl":{"start":{"line":5,"column":18},"end":{"line":5,"column":19}},"loc":{"start":{"line":5,"column":24},"end":{"line":7,"column":3}},"line":5},"2":{"name":"(anonymous_2)","decl":{"start":{"line":9,"column":18},"end":{"line":9,"column":19}},"loc":{"start":{"line":9,"column":35},"end":{"line":11,"column":3}},"line":9},"3":{"name":"(anonymous_3)","decl":{"start":{"line":13,"column":26},"end":{"line":13,"column":27}},"loc":{"start":{"line":13,"column":40},"end":{"line":16,"column":3}},"line":13},"4":{"name":"(anonymous_4)","decl":{"start":{"line":18,"column":17},"end":{"line":18,"column":18}},"loc":{"start":{"line":18,"column":33},"end":{"line":35,"column":3}},"line":18}},"branchMap":{"0":{"loc":{"start":{"line":9,"column":19},"end":{"line":9,"column":30}},"type":"default-arg","locations":[{"start":{"line":9,"column":28},"end":{"line":9,"column":30}}],"line":9},"1":{"loc":{"start":{"line":19,"column":4},"end":{"line":20,"column":55}},"type":"if","locations":[{"start":{"line":19,"column":4},"end":{"line":20,"column":55}},{"start":{},"end":{}}],"line":19},"2":{"loc":{"start":{"line":22,"column":4},"end":{"line":23,"column":56}},"type":"if","locations":[{"start":{"line":22,"column":4},"end":{"line":23,"column":56}},{"start":{},"end":{}}],"line":22},"3":{"loc":{"start":{"line":25,"column":4},"end":{"line":26,"column":59}},"type":"if","locations":[{"start":{"line":25,"column":4},"end":{"line":26,"column":59}},{"start":{},"end":{}}],"line":25},"4":{"loc":{"start":{"line":29,"column":4},"end":{"line":30,"column":57}},"type":"if","locations":[{"start":{"line":29,"column":4},"end":{"line":30,"column":57}},{"start":{},"end":{}}],"line":29}},"s":{"0":4,"1":4,"2":4,"3":4,"4":1,"5":4,"6":51,"7":4,"8":28,"9":28,"10":4,"11":32,"12":1,"13":31,"14":1,"15":30,"16":1,"17":29,"18":29,"19":1,"20":28,"21":28,"22":28,"23":4},"f":{"0":4,"1":1,"2":51,"3":28,"4":32},"b":{"0":[0],"1":[1,31],"2":[1,30],"3":[1,29],"4":[1,28]},"_coverageSchema":"1a1c01bbd47fc00a2c39e90264f33305004495a9","hash":"8bb07e4e422a9d27e9021772a2508ed595b64a94"}
}
