TN:
SF:knexfile.js
FNF:0
FNH:0
DA:3,4
LF:1
LH:1
BRF:0
BRH:0
end_of_record
TN:
SF:server\app.js
FN:31,(anonymous_0)
FN:35,(anonymous_1)
FNF:2
FNH:2
FNDA:1,(anonymous_0)
FNDA:11,(anonymous_1)
DA:2,4
DA:3,4
DA:4,4
DA:5,4
DA:6,4
DA:7,4
DA:9,4
DA:11,4
DA:23,4
DA:31,4
DA:32,1
DA:35,4
DA:36,11
DA:37,11
DA:38,8
DA:39,3
DA:40,3
DA:42,0
DA:43,0
DA:44,0
DA:45,0
DA:47,11
DA:50,4
LF:23
LH:19
BRDA:37,0,0,8
BRDA:37,0,1,3
BRDA:39,1,0,3
BRDA:39,1,1,0
BRF:4
BRH:3
end_of_record
TN:
SF:server\config\middlewares.js
FN:5,(anonymous_0)
FNF:1
FNH:1
FNDA:4,(anonymous_0)
DA:1,4
DA:2,4
DA:3,4
DA:5,4
DA:6,4
DA:7,4
DA:8,4
DA:9,4
LF:8
LH:8
BRF:0
BRH:0
end_of_record
TN:
SF:server\config\passport.js
FN:8,(anonymous_0)
FN:14,(anonymous_1)
FN:16,(anonymous_2)
FN:19,(anonymous_3)
FN:25,(anonymous_4)
FNF:5
FNH:4
FNDA:4,(anonymous_0)
FNDA:18,(anonymous_1)
FNDA:18,(anonymous_2)
FNDA:0,(anonymous_3)
FNDA:4,(anonymous_4)
DA:1,4
DA:2,4
DA:4,4
DA:6,4
DA:8,4
DA:9,4
DA:14,4
DA:15,18
DA:17,18
DA:18,0
DA:19,0
DA:22,4
DA:24,4
DA:25,4
LF:14
LH:12
BRDA:17,0,0,18
BRDA:17,0,1,0
BRF:2
BRH:1
end_of_record
TN:
SF:server\config\router.js
FN:3,(anonymous_0)
FNF:1
FNH:1
FNDA:4,(anonymous_0)
DA:1,4
DA:3,4
DA:4,4
DA:6,4
DA:8,4
DA:9,4
DA:11,4
LF:7
LH:7
BRF:0
BRH:0
end_of_record
TN:
SF:server\errors\ResourceImproperError.js
FN:1,ResourceImproperError
FNF:1
FNH:1
FNDA:3,ResourceImproperError
DA:1,4
DA:2,3
DA:3,3
LF:3
LH:3
BRDA:1,0,0,3
BRF:1
BRH:1
end_of_record
TN:
SF:server\errors\Validation.js
FN:1,ValidationError
FNF:1
FNH:1
FNDA:8,ValidationError
DA:1,4
DA:2,8
DA:3,8
LF:3
LH:3
BRF:0
BRH:0
end_of_record
TN:
SF:server\routes\auth.js
FN:8,(anonymous_0)
FN:11,(anonymous_1)
FN:13,(anonymous_2)
FN:24,(anonymous_3)
FN:27,(anonymous_4)
FNF:5
FNH:5
FNDA:4,(anonymous_0)
FNDA:3,(anonymous_1)
FNDA:3,(anonymous_2)
FNDA:2,(anonymous_3)
FNDA:1,(anonymous_4)
DA:1,4
DA:2,4
DA:3,4
DA:4,4
DA:6,4
DA:8,4
DA:9,4
DA:11,4
DA:12,3
DA:14,3
DA:15,2
DA:16,1
DA:21,1
DA:22,1
DA:23,1
DA:24,2
DA:27,4
DA:28,1
DA:29,1
DA:30,1
DA:32,0
DA:36,4
LF:22
LH:21
BRDA:14,0,0,1
BRDA:14,0,1,2
BRDA:15,1,0,1
BRDA:15,1,1,1
BRF:4
BRH:4
end_of_record
TN:
SF:server\routes\lists.js
FN:5,(anonymous_0)
FN:8,(anonymous_1)
FN:10,(anonymous_2)
FN:13,(anonymous_3)
FN:16,(anonymous_4)
FN:18,(anonymous_5)
FN:20,(anonymous_6)
FN:23,(anonymous_7)
FN:25,(anonymous_8)
FN:26,(anonymous_9)
FN:29,(anonymous_10)
FN:31,(anonymous_11)
FN:32,(anonymous_12)
FN:35,(anonymous_13)
FN:37,(anonymous_14)
FN:38,(anonymous_15)
FN:41,(anonymous_16)
FN:43,(anonymous_17)
FN:44,(anonymous_18)
FNF:19
FNH:15
FNDA:4,(anonymous_0)
FNDA:6,(anonymous_1)
FNDA:6,(anonymous_2)
FNDA:3,(anonymous_3)
FNDA:3,(anonymous_4)
FNDA:1,(anonymous_5)
FNDA:2,(anonymous_6)
FNDA:2,(anonymous_7)
FNDA:2,(anonymous_8)
FNDA:0,(anonymous_9)
FNDA:1,(anonymous_10)
FNDA:1,(anonymous_11)
FNDA:0,(anonymous_12)
FNDA:1,(anonymous_13)
FNDA:1,(anonymous_14)
FNDA:0,(anonymous_15)
FNDA:1,(anonymous_16)
FNDA:1,(anonymous_17)
FNDA:0,(anonymous_18)
DA:1,4
DA:2,4
DA:5,4
DA:6,4
DA:8,4
DA:9,6
DA:11,6
DA:12,3
DA:13,3
DA:16,4
DA:17,3
DA:19,1
DA:20,2
DA:23,4
DA:24,2
DA:25,2
DA:26,0
DA:29,4
DA:30,1
DA:31,1
DA:32,0
DA:35,4
DA:36,1
DA:37,1
DA:38,0
DA:41,4
DA:42,1
DA:43,1
DA:44,0
DA:47,4
LF:30
LH:26
BRDA:11,0,0,3
BRDA:11,0,1,3
BRF:2
BRH:2
end_of_record
TN:
SF:server\routes\users.js
FN:3,(anonymous_0)
FN:6,(anonymous_1)
FN:8,(anonymous_2)
FN:9,(anonymous_3)
FN:12,(anonymous_4)
FNF:5
FNH:4
FNDA:4,(anonymous_0)
FNDA:1,(anonymous_1)
FNDA:1,(anonymous_2)
FNDA:0,(anonymous_3)
FNDA:6,(anonymous_4)
DA:1,4
DA:3,4
DA:4,4
DA:6,4
DA:7,1
DA:8,1
DA:9,0
DA:12,4
DA:13,6
DA:14,6
DA:15,2
DA:17,4
DA:21,4
LF:13
LH:12
BRF:0
BRH:0
end_of_record
TN:
SF:server\services\list.js
FN:3,(anonymous_0)
FN:4,(anonymous_1)
FN:14,(anonymous_2)
FN:18,(anonymous_3)
FN:22,(anonymous_4)
FN:26,(anonymous_5)
FN:32,(anonymous_6)
FNF:7
FNH:6
FNDA:4,(anonymous_0)
FNDA:3,(anonymous_1)
FNDA:0,(anonymous_2)
FNDA:9,(anonymous_3)
FNDA:2,(anonymous_4)
FNDA:1,(anonymous_5)
FNDA:1,(anonymous_6)
DA:1,4
DA:3,4
DA:4,4
DA:5,3
DA:6,1
DA:8,2
DA:9,2
DA:11,1
DA:14,4
DA:15,0
DA:18,4
DA:19,9
DA:22,4
DA:23,2
DA:26,4
DA:27,1
DA:32,4
DA:33,1
DA:38,4
LF:19
LH:18
BRDA:5,0,0,1
BRDA:5,0,1,2
BRDA:9,1,0,1
BRDA:9,1,1,1
BRDA:18,2,0,0
BRF:5
BRH:4
end_of_record
TN:
SF:server\services\user.js
FN:4,(anonymous_0)
FN:5,(anonymous_1)
FN:9,(anonymous_2)
FN:13,(anonymous_3)
FN:18,(anonymous_4)
FNF:5
FNH:5
FNDA:4,(anonymous_0)
FNDA:1,(anonymous_1)
FNDA:51,(anonymous_2)
FNDA:28,(anonymous_3)
FNDA:32,(anonymous_4)
DA:1,4
DA:2,4
DA:4,4
DA:5,4
DA:6,1
DA:9,4
DA:10,51
DA:13,4
DA:14,28
DA:15,28
DA:18,4
DA:19,32
DA:20,1
DA:22,31
DA:23,1
DA:25,30
DA:26,1
DA:28,29
DA:29,29
DA:30,1
DA:32,28
DA:33,28
DA:34,28
DA:37,4
LF:24
LH:24
BRDA:9,0,0,0
BRDA:19,1,0,1
BRDA:19,1,1,31
BRDA:22,2,0,1
BRDA:22,2,1,30
BRDA:25,3,0,1
BRDA:25,3,1,29
BRDA:29,4,0,1
BRDA:29,4,1,28
BRF:9
BRH:8
end_of_record
